<?xml version="1.0" encoding="UTF-8"?>
<!-- Generated by org.testng.reporters.JUnitReportReporter -->
<testsuite name="com.qa2.hubspot2.tests.HomePageTest" tests="3" time="4.959" ignored="0" failures="0" timestamp="04 Aug 2020 20:34:06 GMT" skipped="0" hostname="DESKTOP-18F4G47" errors="0">
  <testcase name="verifyHomePageHeader" time="4.850" classname="com.qa2.hubspot2.tests.HomePageTest"/>
  <testcase name="verifyLoggedInUserTest" time="0.100" classname="com.qa2.hubspot2.tests.HomePageTest"/>
  <testcase name="verifyHomePageTitle" time="0.009" classname="com.qa2.hubspot2.tests.HomePageTest"/>
</testsuite> <!-- com.qa2.hubspot2.tests.HomePageTest -->
