<?xml version="1.0" encoding="UTF-8"?>
<!-- Generated by org.testng.reporters.JUnitReportReporter -->
<testsuite name="com.qa2.hubspot2.tests.LoginPageTest" tests="3" time="11.028" ignored="0" failures="0" timestamp="04 Aug 2020 20:34:06 GMT" skipped="0" hostname="DESKTOP-18F4G47" errors="0">
  <testcase name="verifySignUpLink" time="6.535" classname="com.qa2.hubspot2.tests.LoginPageTest"/>
  <testcase name="verifyLoginPageTitleTest" time="0.204" classname="com.qa2.hubspot2.tests.LoginPageTest"/>
  <testcase name="loginTest" time="4.289" classname="com.qa2.hubspot2.tests.LoginPageTest"/>
</testsuite> <!-- com.qa2.hubspot2.tests.LoginPageTest -->
